<?xml version="1.0" encoding="UTF-8"?>
<testng-results ignored="0" total="1" passed="1" failed="0" skipped="0">
  <reporter-output>
  </reporter-output>
  <suite started-at="2023-10-11T12:00:11 IST" name="Default suite" finished-at="2023-10-11T12:00:16 IST" duration-ms="5346">
    <groups>
    </groups>
    <test started-at="2023-10-11T12:00:11 IST" name="Default test" finished-at="2023-10-11T12:00:16 IST" duration-ms="5346">
      <class name="com.testcases.Logintest">
        <test-method is-config="true" signature="setup()[pri:0, instance:com.testcases.Logintest@8f2ef19]" started-at="2023-10-11T12:00:11 IST" name="setup" finished-at="2023-10-11T12:00:15 IST" duration-ms="4078" status="PASS">
          <reporter-output>
          </reporter-output>
        </test-method> <!-- setup -->
        <test-method signature="Loginvarification()[pri:0, instance:com.testcases.Logintest@8f2ef19]" started-at="2023-10-11T12:00:15 IST" name="Loginvarification" finished-at="2023-10-11T12:00:16 IST" duration-ms="1212" status="PASS">
          <reporter-output>
          </reporter-output>
        </test-method> <!-- Loginvarification -->
        <test-method is-config="true" signature="teardown()[pri:0, instance:com.testcases.Logintest@8f2ef19]" started-at="2023-10-11T12:00:16 IST" name="teardown" finished-at="2023-10-11T12:00:16 IST" duration-ms="0" status="PASS">
          <reporter-output>
          </reporter-output>
        </test-method> <!-- teardown -->
      </class> <!-- com.testcases.Logintest -->
    </test> <!-- Default test -->
  </suite> <!-- Default suite -->
</testng-results>
